2019/10/25 17:21:12.399 [I]  Listing local sync dir, this can take a long time for big directory, please wait patiently
2019/10/25 17:21:12.399 [I]  Walk `/Users/peter/Desktop/Courses/CAP5768 Introduction to Data Science/2019_Fall_DSGroup/DataVisualization/Application/static` start from 2019-10-25 17:21:12.399647 -0400 EDT m=+0.014558567
2019/10/25 17:21:12.404 [I]  Skip by suffix `.DS_Store` for local file `.DS_Store`
2019/10/25 17:21:12.404 [I]  Skip by fixed string `.git` for local file path `.gitkeep`
2019/10/25 17:21:12.404 [I]  Uploading file /Users/peter/Desktop/Courses/CAP5768 Introduction to Data Science/2019_Fall_DSGroup/DataVisualization/Application/static/banner_1.jpg => afrss : banner_1.jpg
2019/10/25 17:21:12.405 [I]  Uploading file /Users/peter/Desktop/Courses/CAP5768 Introduction to Data Science/2019_Fall_DSGroup/DataVisualization/Application/static/banner_2.jpg => afrss : banner_2.jpg
2019/10/25 17:21:12.405 [I]  Uploading file /Users/peter/Desktop/Courses/CAP5768 Introduction to Data Science/2019_Fall_DSGroup/DataVisualization/Application/static/geo_jsonp.js => afrss : geo_jsonp.js
2019/10/25 17:21:16.171 [I]  Upload file `/Users/peter/Desktop/Courses/CAP5768 Introduction to Data Science/2019_Fall_DSGroup/DataVisualization/Application/static/banner_1.jpg` => `afrss : banner_1.jpg` success
2019/10/25 17:21:18.819 [I]  Upload file `/Users/peter/Desktop/Courses/CAP5768 Introduction to Data Science/2019_Fall_DSGroup/DataVisualization/Application/static/banner_2.jpg` => `afrss : banner_2.jpg` success
2019/10/25 17:21:18.914 [I]  Upload file `/Users/peter/Desktop/Courses/CAP5768 Introduction to Data Science/2019_Fall_DSGroup/DataVisualization/Application/static/geo_jsonp.js` => `afrss : geo_jsonp.js` success
2019/10/25 17:21:18.914 [I]  -------------Upload Result--------------
2019/10/25 17:21:18.914 [I]                Total:         5
2019/10/25 17:21:18.914 [I]              Success:         3
2019/10/25 17:21:18.914 [I]              Failure:         0
2019/10/25 17:21:18.914 [I]         NotOverwrite:         0
2019/10/25 17:21:18.914 [I]              Skipped:         2
2019/10/25 17:21:18.914 [I]             Duration:    6.51743825s
2019/10/25 17:21:18.914 [I]  ----------------------------------------
2019/10/25 17:22:25.137 [I]  Listing local sync dir, this can take a long time for big directory, please wait patiently
2019/10/25 17:22:25.137 [I]  Walk `/Users/peter/Desktop/Courses/CAP5768 Introduction to Data Science/2019_Fall_DSGroup/DataVisualization/Application/dist` start from 2019-10-25 17:22:25.137779 -0400 EDT m=+0.038014310
2019/10/25 17:22:25.142 [I]  Uploading file /Users/peter/Desktop/Courses/CAP5768 Introduction to Data Science/2019_Fall_DSGroup/DataVisualization/Application/dist/index.html => afrss : index.html
2019/10/25 17:22:25.142 [I]  Uploading file /Users/peter/Desktop/Courses/CAP5768 Introduction to Data Science/2019_Fall_DSGroup/DataVisualization/Application/dist/static/banner_1.jpg => afrss : static/banner_1.jpg
2019/10/25 17:22:25.143 [I]  Uploading file /Users/peter/Desktop/Courses/CAP5768 Introduction to Data Science/2019_Fall_DSGroup/DataVisualization/Application/dist/static/banner_2.jpg => afrss : static/banner_2.jpg
2019/10/25 17:22:25.970 [I]  Upload file `/Users/peter/Desktop/Courses/CAP5768 Introduction to Data Science/2019_Fall_DSGroup/DataVisualization/Application/dist/index.html` => `afrss : index.html` success
2019/10/25 17:22:25.970 [I]  Uploading file /Users/peter/Desktop/Courses/CAP5768 Introduction to Data Science/2019_Fall_DSGroup/DataVisualization/Application/dist/static/css/app.275b4f9d12d5722b55dd1dd28157d78f.css => afrss : static/css/app.275b4f9d12d5722b55dd1dd28157d78f.css
2019/10/25 17:22:27.081 [I]  Upload file `/Users/peter/Desktop/Courses/CAP5768 Introduction to Data Science/2019_Fall_DSGroup/DataVisualization/Application/dist/static/banner_1.jpg` => `afrss : static/banner_1.jpg` success
2019/10/25 17:22:27.081 [I]  Uploading file /Users/peter/Desktop/Courses/CAP5768 Introduction to Data Science/2019_Fall_DSGroup/DataVisualization/Application/dist/static/css/app.275b4f9d12d5722b55dd1dd28157d78f.css.map => afrss : static/css/app.275b4f9d12d5722b55dd1dd28157d78f.css.map
2019/10/25 17:22:29.689 [I]  Upload file `/Users/peter/Desktop/Courses/CAP5768 Introduction to Data Science/2019_Fall_DSGroup/DataVisualization/Application/dist/static/banner_2.jpg` => `afrss : static/banner_2.jpg` success
2019/10/25 17:22:29.690 [I]  Uploading file /Users/peter/Desktop/Courses/CAP5768 Introduction to Data Science/2019_Fall_DSGroup/DataVisualization/Application/dist/static/fonts/element-icons.535877f.woff => afrss : static/fonts/element-icons.535877f.woff
2019/10/25 17:22:30.464 [I]  Upload file `/Users/peter/Desktop/Courses/CAP5768 Introduction to Data Science/2019_Fall_DSGroup/DataVisualization/Application/dist/static/css/app.275b4f9d12d5722b55dd1dd28157d78f.css` => `afrss : static/css/app.275b4f9d12d5722b55dd1dd28157d78f.css` success
2019/10/25 17:22:30.465 [I]  Uploading file /Users/peter/Desktop/Courses/CAP5768 Introduction to Data Science/2019_Fall_DSGroup/DataVisualization/Application/dist/static/fonts/element-icons.732389d.ttf => afrss : static/fonts/element-icons.732389d.ttf
2019/10/25 17:22:31.594 [I]  Upload file `/Users/peter/Desktop/Courses/CAP5768 Introduction to Data Science/2019_Fall_DSGroup/DataVisualization/Application/dist/static/css/app.275b4f9d12d5722b55dd1dd28157d78f.css.map` => `afrss : static/css/app.275b4f9d12d5722b55dd1dd28157d78f.css.map` success
2019/10/25 17:22:31.595 [I]  Uploading file /Users/peter/Desktop/Courses/CAP5768 Introduction to Data Science/2019_Fall_DSGroup/DataVisualization/Application/dist/static/geo_jsonp.js => afrss : static/geo_jsonp.js
2019/10/25 17:22:31.703 [I]  Upload file `/Users/peter/Desktop/Courses/CAP5768 Introduction to Data Science/2019_Fall_DSGroup/DataVisualization/Application/dist/static/fonts/element-icons.535877f.woff` => `afrss : static/fonts/element-icons.535877f.woff` success
2019/10/25 17:22:31.703 [I]  Uploading file /Users/peter/Desktop/Courses/CAP5768 Introduction to Data Science/2019_Fall_DSGroup/DataVisualization/Application/dist/static/js/app.eed1cbab0362cd4268cf.js => afrss : static/js/app.eed1cbab0362cd4268cf.js
2019/10/25 17:22:31.877 [I]  Upload file `/Users/peter/Desktop/Courses/CAP5768 Introduction to Data Science/2019_Fall_DSGroup/DataVisualization/Application/dist/static/fonts/element-icons.732389d.ttf` => `afrss : static/fonts/element-icons.732389d.ttf` success
2019/10/25 17:22:31.878 [I]  Uploading file /Users/peter/Desktop/Courses/CAP5768 Introduction to Data Science/2019_Fall_DSGroup/DataVisualization/Application/dist/static/js/app.eed1cbab0362cd4268cf.js.map => afrss : static/js/app.eed1cbab0362cd4268cf.js.map
2019/10/25 17:22:31.976 [I]  Upload file `/Users/peter/Desktop/Courses/CAP5768 Introduction to Data Science/2019_Fall_DSGroup/DataVisualization/Application/dist/static/geo_jsonp.js` => `afrss : static/geo_jsonp.js` success
2019/10/25 17:22:31.977 [I]  Uploading file /Users/peter/Desktop/Courses/CAP5768 Introduction to Data Science/2019_Fall_DSGroup/DataVisualization/Application/dist/static/js/manifest.2ae2e69a05c33dfc65f8.js => afrss : static/js/manifest.2ae2e69a05c33dfc65f8.js
2019/10/25 17:22:32.062 [I]  Upload file `/Users/peter/Desktop/Courses/CAP5768 Introduction to Data Science/2019_Fall_DSGroup/DataVisualization/Application/dist/static/js/app.eed1cbab0362cd4268cf.js` => `afrss : static/js/app.eed1cbab0362cd4268cf.js` success
2019/10/25 17:22:32.063 [I]  Uploading file /Users/peter/Desktop/Courses/CAP5768 Introduction to Data Science/2019_Fall_DSGroup/DataVisualization/Application/dist/static/js/manifest.2ae2e69a05c33dfc65f8.js.map => afrss : static/js/manifest.2ae2e69a05c33dfc65f8.js.map
2019/10/25 17:22:32.163 [I]  Upload file `/Users/peter/Desktop/Courses/CAP5768 Introduction to Data Science/2019_Fall_DSGroup/DataVisualization/Application/dist/static/js/app.eed1cbab0362cd4268cf.js.map` => `afrss : static/js/app.eed1cbab0362cd4268cf.js.map` success
2019/10/25 17:22:32.164 [I]  Uploading file /Users/peter/Desktop/Courses/CAP5768 Introduction to Data Science/2019_Fall_DSGroup/DataVisualization/Application/dist/static/js/vendor.e64f293406b29edbd308.js => afrss : static/js/vendor.e64f293406b29edbd308.js
2019/10/25 17:22:32.248 [I]  Upload file `/Users/peter/Desktop/Courses/CAP5768 Introduction to Data Science/2019_Fall_DSGroup/DataVisualization/Application/dist/static/js/manifest.2ae2e69a05c33dfc65f8.js` => `afrss : static/js/manifest.2ae2e69a05c33dfc65f8.js` success
2019/10/25 17:22:32.249 [I]  Uploading file /Users/peter/Desktop/Courses/CAP5768 Introduction to Data Science/2019_Fall_DSGroup/DataVisualization/Application/dist/static/js/vendor.e64f293406b29edbd308.js.map => afrss : static/js/vendor.e64f293406b29edbd308.js.map
2019/10/25 17:22:32.333 [I]  Upload file `/Users/peter/Desktop/Courses/CAP5768 Introduction to Data Science/2019_Fall_DSGroup/DataVisualization/Application/dist/static/js/manifest.2ae2e69a05c33dfc65f8.js.map` => `afrss : static/js/manifest.2ae2e69a05c33dfc65f8.js.map` success
2019/10/25 17:22:35.192 [I]  Upload file `/Users/peter/Desktop/Courses/CAP5768 Introduction to Data Science/2019_Fall_DSGroup/DataVisualization/Application/dist/static/js/vendor.e64f293406b29edbd308.js` => `afrss : static/js/vendor.e64f293406b29edbd308.js` success
2019/10/25 17:22:46.815 [I]  Upload file `/Users/peter/Desktop/Courses/CAP5768 Introduction to Data Science/2019_Fall_DSGroup/DataVisualization/Application/dist/static/js/vendor.e64f293406b29edbd308.js.map` => `afrss : static/js/vendor.e64f293406b29edbd308.js.map` success
2019/10/25 17:22:46.816 [I]  -------------Upload Result--------------
2019/10/25 17:22:46.816 [I]                Total:        14
2019/10/25 17:22:46.816 [I]              Success:        14
2019/10/25 17:22:46.816 [I]              Failure:         0
2019/10/25 17:22:46.816 [I]         NotOverwrite:         0
2019/10/25 17:22:46.816 [I]              Skipped:         0
2019/10/25 17:22:46.816 [I]             Duration:  21.679332956s
2019/10/25 17:22:46.816 [I]  ----------------------------------------
2019/10/25 17:37:32.337 [I]  Listing local sync dir, this can take a long time for big directory, please wait patiently
2019/10/25 17:37:32.338 [I]  Walk `/Users/peter/Desktop/Courses/CAP5768 Introduction to Data Science/2019_Fall_DSGroup/DataVisualization/Application/dist` start from 2019-10-25 17:37:32.338389 -0400 EDT m=+0.046673985
2019/10/25 17:37:32.347 [I]  Uploading file /Users/peter/Desktop/Courses/CAP5768 Introduction to Data Science/2019_Fall_DSGroup/DataVisualization/Application/dist/index.html => afrss : index.html
2019/10/25 17:37:32.347 [I]  Uploading file /Users/peter/Desktop/Courses/CAP5768 Introduction to Data Science/2019_Fall_DSGroup/DataVisualization/Application/dist/static/banner_1.jpg => afrss : static/banner_1.jpg
2019/10/25 17:37:32.347 [I]  Uploading file /Users/peter/Desktop/Courses/CAP5768 Introduction to Data Science/2019_Fall_DSGroup/DataVisualization/Application/dist/static/banner_2.jpg => afrss : static/banner_2.jpg
2019/10/25 17:37:34.794 [I]  Upload file `/Users/peter/Desktop/Courses/CAP5768 Introduction to Data Science/2019_Fall_DSGroup/DataVisualization/Application/dist/index.html` => `afrss : index.html` success
2019/10/25 17:37:34.795 [I]  Uploading file /Users/peter/Desktop/Courses/CAP5768 Introduction to Data Science/2019_Fall_DSGroup/DataVisualization/Application/dist/static/css/app.777142a4dbd3eb0b727e742b35a99bac.css => afrss : static/css/app.777142a4dbd3eb0b727e742b35a99bac.css
2019/10/25 17:37:35.888 [I]  Upload file `/Users/peter/Desktop/Courses/CAP5768 Introduction to Data Science/2019_Fall_DSGroup/DataVisualization/Application/dist/static/banner_1.jpg` => `afrss : static/banner_1.jpg` success
2019/10/25 17:37:35.889 [I]  Uploading file /Users/peter/Desktop/Courses/CAP5768 Introduction to Data Science/2019_Fall_DSGroup/DataVisualization/Application/dist/static/css/app.777142a4dbd3eb0b727e742b35a99bac.css.map => afrss : static/css/app.777142a4dbd3eb0b727e742b35a99bac.css.map
2019/10/25 17:37:38.537 [I]  Upload file `/Users/peter/Desktop/Courses/CAP5768 Introduction to Data Science/2019_Fall_DSGroup/DataVisualization/Application/dist/static/banner_2.jpg` => `afrss : static/banner_2.jpg` success
2019/10/25 17:37:38.537 [I]  Uploading file /Users/peter/Desktop/Courses/CAP5768 Introduction to Data Science/2019_Fall_DSGroup/DataVisualization/Application/dist/static/fonts/element-icons.535877f.woff => afrss : static/fonts/element-icons.535877f.woff
2019/10/25 17:37:39.550 [I]  Upload file `/Users/peter/Desktop/Courses/CAP5768 Introduction to Data Science/2019_Fall_DSGroup/DataVisualization/Application/dist/static/css/app.777142a4dbd3eb0b727e742b35a99bac.css` => `afrss : static/css/app.777142a4dbd3eb0b727e742b35a99bac.css` success
2019/10/25 17:37:39.551 [I]  Uploading file /Users/peter/Desktop/Courses/CAP5768 Introduction to Data Science/2019_Fall_DSGroup/DataVisualization/Application/dist/static/fonts/element-icons.732389d.ttf => afrss : static/fonts/element-icons.732389d.ttf
2019/10/25 17:37:40.968 [I]  Upload file `/Users/peter/Desktop/Courses/CAP5768 Introduction to Data Science/2019_Fall_DSGroup/DataVisualization/Application/dist/static/css/app.777142a4dbd3eb0b727e742b35a99bac.css.map` => `afrss : static/css/app.777142a4dbd3eb0b727e742b35a99bac.css.map` success
2019/10/25 17:37:40.969 [I]  Uploading file /Users/peter/Desktop/Courses/CAP5768 Introduction to Data Science/2019_Fall_DSGroup/DataVisualization/Application/dist/static/geo_jsonp.js => afrss : static/geo_jsonp.js
2019/10/25 17:37:41.123 [I]  Upload file `/Users/peter/Desktop/Courses/CAP5768 Introduction to Data Science/2019_Fall_DSGroup/DataVisualization/Application/dist/static/fonts/element-icons.535877f.woff` => `afrss : static/fonts/element-icons.535877f.woff` success
2019/10/25 17:37:41.123 [I]  Uploading file /Users/peter/Desktop/Courses/CAP5768 Introduction to Data Science/2019_Fall_DSGroup/DataVisualization/Application/dist/static/js/app.f8d6f546a197cadc672e.js => afrss : static/js/app.f8d6f546a197cadc672e.js
2019/10/25 17:37:41.381 [I]  Upload file `/Users/peter/Desktop/Courses/CAP5768 Introduction to Data Science/2019_Fall_DSGroup/DataVisualization/Application/dist/static/fonts/element-icons.732389d.ttf` => `afrss : static/fonts/element-icons.732389d.ttf` success
2019/10/25 17:37:41.381 [I]  Uploading file /Users/peter/Desktop/Courses/CAP5768 Introduction to Data Science/2019_Fall_DSGroup/DataVisualization/Application/dist/static/js/app.f8d6f546a197cadc672e.js.map => afrss : static/js/app.f8d6f546a197cadc672e.js.map
2019/10/25 17:37:41.561 [I]  Upload file `/Users/peter/Desktop/Courses/CAP5768 Introduction to Data Science/2019_Fall_DSGroup/DataVisualization/Application/dist/static/geo_jsonp.js` => `afrss : static/geo_jsonp.js` success
2019/10/25 17:37:41.561 [I]  Uploading file /Users/peter/Desktop/Courses/CAP5768 Introduction to Data Science/2019_Fall_DSGroup/DataVisualization/Application/dist/static/js/manifest.a4053d945d8cee0f671d.js => afrss : static/js/manifest.a4053d945d8cee0f671d.js
2019/10/25 17:37:41.646 [I]  Upload file `/Users/peter/Desktop/Courses/CAP5768 Introduction to Data Science/2019_Fall_DSGroup/DataVisualization/Application/dist/static/js/app.f8d6f546a197cadc672e.js` => `afrss : static/js/app.f8d6f546a197cadc672e.js` success
2019/10/25 17:37:41.646 [I]  Uploading file /Users/peter/Desktop/Courses/CAP5768 Introduction to Data Science/2019_Fall_DSGroup/DataVisualization/Application/dist/static/js/manifest.a4053d945d8cee0f671d.js.map => afrss : static/js/manifest.a4053d945d8cee0f671d.js.map
2019/10/25 17:37:41.751 [I]  Upload file `/Users/peter/Desktop/Courses/CAP5768 Introduction to Data Science/2019_Fall_DSGroup/DataVisualization/Application/dist/static/js/app.f8d6f546a197cadc672e.js.map` => `afrss : static/js/app.f8d6f546a197cadc672e.js.map` success
2019/10/25 17:37:41.752 [I]  Uploading file /Users/peter/Desktop/Courses/CAP5768 Introduction to Data Science/2019_Fall_DSGroup/DataVisualization/Application/dist/static/js/vendor.e64f293406b29edbd308.js => afrss : static/js/vendor.e64f293406b29edbd308.js
2019/10/25 17:37:41.854 [I]  Upload file `/Users/peter/Desktop/Courses/CAP5768 Introduction to Data Science/2019_Fall_DSGroup/DataVisualization/Application/dist/static/js/manifest.a4053d945d8cee0f671d.js` => `afrss : static/js/manifest.a4053d945d8cee0f671d.js` success
2019/10/25 17:37:41.854 [I]  Uploading file /Users/peter/Desktop/Courses/CAP5768 Introduction to Data Science/2019_Fall_DSGroup/DataVisualization/Application/dist/static/js/vendor.e64f293406b29edbd308.js.map => afrss : static/js/vendor.e64f293406b29edbd308.js.map
2019/10/25 17:37:41.949 [I]  Upload file `/Users/peter/Desktop/Courses/CAP5768 Introduction to Data Science/2019_Fall_DSGroup/DataVisualization/Application/dist/static/js/manifest.a4053d945d8cee0f671d.js.map` => `afrss : static/js/manifest.a4053d945d8cee0f671d.js.map` success
2019/10/25 17:37:44.703 [I]  Upload file `/Users/peter/Desktop/Courses/CAP5768 Introduction to Data Science/2019_Fall_DSGroup/DataVisualization/Application/dist/static/js/vendor.e64f293406b29edbd308.js` => `afrss : static/js/vendor.e64f293406b29edbd308.js` success
2019/10/25 17:37:55.731 [I]  Upload file `/Users/peter/Desktop/Courses/CAP5768 Introduction to Data Science/2019_Fall_DSGroup/DataVisualization/Application/dist/static/js/vendor.e64f293406b29edbd308.js.map` => `afrss : static/js/vendor.e64f293406b29edbd308.js.map` success
2019/10/25 17:37:55.732 [I]  -------------Upload Result--------------
2019/10/25 17:37:55.732 [I]                Total:        14
2019/10/25 17:37:55.732 [I]              Success:        14
2019/10/25 17:37:55.732 [I]              Failure:         0
2019/10/25 17:37:55.732 [I]         NotOverwrite:         0
2019/10/25 17:37:55.732 [I]              Skipped:         0
2019/10/25 17:37:55.732 [I]             Duration:  23.395737601s
2019/10/25 17:37:55.732 [I]  ----------------------------------------
2019/10/25 17:40:27.372 [I]  Listing local sync dir, this can take a long time for big directory, please wait patiently
2019/10/25 17:40:27.372 [I]  Walk `/Users/peter/Desktop/Courses/CAP5768 Introduction to Data Science/2019_Fall_DSGroup/DataVisualization/Application/dist` start from 2019-10-25 17:40:27.372174 -0400 EDT m=+0.043701708
2019/10/25 17:40:27.380 [I]  Uploading file /Users/peter/Desktop/Courses/CAP5768 Introduction to Data Science/2019_Fall_DSGroup/DataVisualization/Application/dist/index.html => afrss : index.html
2019/10/25 17:40:27.380 [I]  Uploading file /Users/peter/Desktop/Courses/CAP5768 Introduction to Data Science/2019_Fall_DSGroup/DataVisualization/Application/dist/static/banner_1.jpg => afrss : static/banner_1.jpg
2019/10/25 17:40:27.380 [I]  Uploading file /Users/peter/Desktop/Courses/CAP5768 Introduction to Data Science/2019_Fall_DSGroup/DataVisualization/Application/dist/static/banner_2.jpg => afrss : static/banner_2.jpg
2019/10/25 17:40:28.948 [I]  Upload file `/Users/peter/Desktop/Courses/CAP5768 Introduction to Data Science/2019_Fall_DSGroup/DataVisualization/Application/dist/index.html` => `afrss : index.html` success
2019/10/25 17:40:28.949 [I]  Uploading file /Users/peter/Desktop/Courses/CAP5768 Introduction to Data Science/2019_Fall_DSGroup/DataVisualization/Application/dist/static/css/app.777142a4dbd3eb0b727e742b35a99bac.css => afrss : static/css/app.777142a4dbd3eb0b727e742b35a99bac.css
2019/10/25 17:40:30.025 [I]  Upload file `/Users/peter/Desktop/Courses/CAP5768 Introduction to Data Science/2019_Fall_DSGroup/DataVisualization/Application/dist/static/banner_1.jpg` => `afrss : static/banner_1.jpg` success
2019/10/25 17:40:30.026 [I]  Uploading file /Users/peter/Desktop/Courses/CAP5768 Introduction to Data Science/2019_Fall_DSGroup/DataVisualization/Application/dist/static/css/app.777142a4dbd3eb0b727e742b35a99bac.css.map => afrss : static/css/app.777142a4dbd3eb0b727e742b35a99bac.css.map
2019/10/25 17:40:32.664 [I]  Upload file `/Users/peter/Desktop/Courses/CAP5768 Introduction to Data Science/2019_Fall_DSGroup/DataVisualization/Application/dist/static/banner_2.jpg` => `afrss : static/banner_2.jpg` success
2019/10/25 17:40:32.664 [I]  Uploading file /Users/peter/Desktop/Courses/CAP5768 Introduction to Data Science/2019_Fall_DSGroup/DataVisualization/Application/dist/static/fonts/element-icons.535877f.woff => afrss : static/fonts/element-icons.535877f.woff
2019/10/25 17:40:33.450 [I]  Upload file `/Users/peter/Desktop/Courses/CAP5768 Introduction to Data Science/2019_Fall_DSGroup/DataVisualization/Application/dist/static/css/app.777142a4dbd3eb0b727e742b35a99bac.css` => `afrss : static/css/app.777142a4dbd3eb0b727e742b35a99bac.css` success
2019/10/25 17:40:33.451 [I]  Uploading file /Users/peter/Desktop/Courses/CAP5768 Introduction to Data Science/2019_Fall_DSGroup/DataVisualization/Application/dist/static/fonts/element-icons.732389d.ttf => afrss : static/fonts/element-icons.732389d.ttf
2019/10/25 17:40:34.584 [I]  Upload file `/Users/peter/Desktop/Courses/CAP5768 Introduction to Data Science/2019_Fall_DSGroup/DataVisualization/Application/dist/static/css/app.777142a4dbd3eb0b727e742b35a99bac.css.map` => `afrss : static/css/app.777142a4dbd3eb0b727e742b35a99bac.css.map` success
2019/10/25 17:40:34.585 [I]  Uploading file /Users/peter/Desktop/Courses/CAP5768 Introduction to Data Science/2019_Fall_DSGroup/DataVisualization/Application/dist/static/geo_jsonp.js => afrss : static/geo_jsonp.js
2019/10/25 17:40:34.683 [I]  Upload file `/Users/peter/Desktop/Courses/CAP5768 Introduction to Data Science/2019_Fall_DSGroup/DataVisualization/Application/dist/static/fonts/element-icons.535877f.woff` => `afrss : static/fonts/element-icons.535877f.woff` success
2019/10/25 17:40:34.684 [I]  Uploading file /Users/peter/Desktop/Courses/CAP5768 Introduction to Data Science/2019_Fall_DSGroup/DataVisualization/Application/dist/static/js/app.bd71879926da0e5f8e43.js => afrss : static/js/app.bd71879926da0e5f8e43.js
2019/10/25 17:40:34.873 [I]  Upload file `/Users/peter/Desktop/Courses/CAP5768 Introduction to Data Science/2019_Fall_DSGroup/DataVisualization/Application/dist/static/fonts/element-icons.732389d.ttf` => `afrss : static/fonts/element-icons.732389d.ttf` success
2019/10/25 17:40:34.873 [I]  Uploading file /Users/peter/Desktop/Courses/CAP5768 Introduction to Data Science/2019_Fall_DSGroup/DataVisualization/Application/dist/static/js/app.bd71879926da0e5f8e43.js.map => afrss : static/js/app.bd71879926da0e5f8e43.js.map
2019/10/25 17:40:34.959 [I]  Upload file `/Users/peter/Desktop/Courses/CAP5768 Introduction to Data Science/2019_Fall_DSGroup/DataVisualization/Application/dist/static/geo_jsonp.js` => `afrss : static/geo_jsonp.js` success
2019/10/25 17:40:34.960 [I]  Uploading file /Users/peter/Desktop/Courses/CAP5768 Introduction to Data Science/2019_Fall_DSGroup/DataVisualization/Application/dist/static/js/manifest.a4053d945d8cee0f671d.js => afrss : static/js/manifest.a4053d945d8cee0f671d.js
2019/10/25 17:40:35.049 [I]  Upload file `/Users/peter/Desktop/Courses/CAP5768 Introduction to Data Science/2019_Fall_DSGroup/DataVisualization/Application/dist/static/js/app.bd71879926da0e5f8e43.js` => `afrss : static/js/app.bd71879926da0e5f8e43.js` success
2019/10/25 17:40:35.050 [I]  Uploading file /Users/peter/Desktop/Courses/CAP5768 Introduction to Data Science/2019_Fall_DSGroup/DataVisualization/Application/dist/static/js/manifest.a4053d945d8cee0f671d.js.map => afrss : static/js/manifest.a4053d945d8cee0f671d.js.map
2019/10/25 17:40:35.166 [I]  Upload file `/Users/peter/Desktop/Courses/CAP5768 Introduction to Data Science/2019_Fall_DSGroup/DataVisualization/Application/dist/static/js/app.bd71879926da0e5f8e43.js.map` => `afrss : static/js/app.bd71879926da0e5f8e43.js.map` success
2019/10/25 17:40:35.167 [I]  Uploading file /Users/peter/Desktop/Courses/CAP5768 Introduction to Data Science/2019_Fall_DSGroup/DataVisualization/Application/dist/static/js/vendor.e64f293406b29edbd308.js => afrss : static/js/vendor.e64f293406b29edbd308.js
2019/10/25 17:40:35.272 [I]  Upload file `/Users/peter/Desktop/Courses/CAP5768 Introduction to Data Science/2019_Fall_DSGroup/DataVisualization/Application/dist/static/js/manifest.a4053d945d8cee0f671d.js` => `afrss : static/js/manifest.a4053d945d8cee0f671d.js` success
2019/10/25 17:40:35.273 [I]  Uploading file /Users/peter/Desktop/Courses/CAP5768 Introduction to Data Science/2019_Fall_DSGroup/DataVisualization/Application/dist/static/js/vendor.e64f293406b29edbd308.js.map => afrss : static/js/vendor.e64f293406b29edbd308.js.map
2019/10/25 17:40:35.361 [I]  Upload file `/Users/peter/Desktop/Courses/CAP5768 Introduction to Data Science/2019_Fall_DSGroup/DataVisualization/Application/dist/static/js/manifest.a4053d945d8cee0f671d.js.map` => `afrss : static/js/manifest.a4053d945d8cee0f671d.js.map` success
2019/10/25 17:40:38.088 [I]  Upload file `/Users/peter/Desktop/Courses/CAP5768 Introduction to Data Science/2019_Fall_DSGroup/DataVisualization/Application/dist/static/js/vendor.e64f293406b29edbd308.js` => `afrss : static/js/vendor.e64f293406b29edbd308.js` success
2019/10/25 17:40:49.240 [I]  Upload file `/Users/peter/Desktop/Courses/CAP5768 Introduction to Data Science/2019_Fall_DSGroup/DataVisualization/Application/dist/static/js/vendor.e64f293406b29edbd308.js.map` => `afrss : static/js/vendor.e64f293406b29edbd308.js.map` success
2019/10/25 17:40:49.240 [I]  -------------Upload Result--------------
2019/10/25 17:40:49.240 [I]                Total:        14
2019/10/25 17:40:49.240 [I]              Success:        14
2019/10/25 17:40:49.240 [I]              Failure:         0
2019/10/25 17:40:49.240 [I]         NotOverwrite:         0
2019/10/25 17:40:49.240 [I]              Skipped:         0
2019/10/25 17:40:49.240 [I]             Duration:  21.869776309s
2019/10/25 17:40:49.240 [I]  ----------------------------------------
2019/10/25 17:42:40.079 [I]  Listing local sync dir, this can take a long time for big directory, please wait patiently
2019/10/25 17:42:40.079 [I]  Walk `/Users/peter/Desktop/Courses/CAP5768 Introduction to Data Science/2019_Fall_DSGroup/DataVisualization/Application/dist` start from 2019-10-25 17:42:40.079386 -0400 EDT m=+0.036792780
2019/10/25 17:42:40.086 [I]  Uploading file /Users/peter/Desktop/Courses/CAP5768 Introduction to Data Science/2019_Fall_DSGroup/DataVisualization/Application/dist/index.html => afrss : index.html
2019/10/25 17:42:40.086 [I]  Uploading file /Users/peter/Desktop/Courses/CAP5768 Introduction to Data Science/2019_Fall_DSGroup/DataVisualization/Application/dist/static/banner_1.jpg => afrss : static/banner_1.jpg
2019/10/25 17:42:40.086 [I]  Uploading file /Users/peter/Desktop/Courses/CAP5768 Introduction to Data Science/2019_Fall_DSGroup/DataVisualization/Application/dist/static/banner_2.jpg => afrss : static/banner_2.jpg
2019/10/25 17:42:42.622 [I]  Upload file `/Users/peter/Desktop/Courses/CAP5768 Introduction to Data Science/2019_Fall_DSGroup/DataVisualization/Application/dist/index.html` => `afrss : index.html` success
2019/10/25 17:42:42.623 [I]  Uploading file /Users/peter/Desktop/Courses/CAP5768 Introduction to Data Science/2019_Fall_DSGroup/DataVisualization/Application/dist/static/css/app.777142a4dbd3eb0b727e742b35a99bac.css => afrss : static/css/app.777142a4dbd3eb0b727e742b35a99bac.css
2019/10/25 17:42:47.975 [I]  Upload file `/Users/peter/Desktop/Courses/CAP5768 Introduction to Data Science/2019_Fall_DSGroup/DataVisualization/Application/dist/static/banner_1.jpg` => `afrss : static/banner_1.jpg` success
2019/10/25 17:42:47.976 [I]  Uploading file /Users/peter/Desktop/Courses/CAP5768 Introduction to Data Science/2019_Fall_DSGroup/DataVisualization/Application/dist/static/css/app.777142a4dbd3eb0b727e742b35a99bac.css.map => afrss : static/css/app.777142a4dbd3eb0b727e742b35a99bac.css.map
2019/10/25 17:42:50.659 [I]  Upload file `/Users/peter/Desktop/Courses/CAP5768 Introduction to Data Science/2019_Fall_DSGroup/DataVisualization/Application/dist/static/banner_2.jpg` => `afrss : static/banner_2.jpg` success
2019/10/25 17:42:50.660 [I]  Uploading file /Users/peter/Desktop/Courses/CAP5768 Introduction to Data Science/2019_Fall_DSGroup/DataVisualization/Application/dist/static/fonts/element-icons.535877f.woff => afrss : static/fonts/element-icons.535877f.woff
2019/10/25 17:42:51.446 [I]  Upload file `/Users/peter/Desktop/Courses/CAP5768 Introduction to Data Science/2019_Fall_DSGroup/DataVisualization/Application/dist/static/css/app.777142a4dbd3eb0b727e742b35a99bac.css` => `afrss : static/css/app.777142a4dbd3eb0b727e742b35a99bac.css` success
2019/10/25 17:42:51.446 [I]  Uploading file /Users/peter/Desktop/Courses/CAP5768 Introduction to Data Science/2019_Fall_DSGroup/DataVisualization/Application/dist/static/fonts/element-icons.732389d.ttf => afrss : static/fonts/element-icons.732389d.ttf
2019/10/25 17:42:52.582 [I]  Upload file `/Users/peter/Desktop/Courses/CAP5768 Introduction to Data Science/2019_Fall_DSGroup/DataVisualization/Application/dist/static/css/app.777142a4dbd3eb0b727e742b35a99bac.css.map` => `afrss : static/css/app.777142a4dbd3eb0b727e742b35a99bac.css.map` success
2019/10/25 17:42:52.583 [I]  Uploading file /Users/peter/Desktop/Courses/CAP5768 Introduction to Data Science/2019_Fall_DSGroup/DataVisualization/Application/dist/static/geo_jsonp.js => afrss : static/geo_jsonp.js
2019/10/25 17:42:52.821 [I]  Upload file `/Users/peter/Desktop/Courses/CAP5768 Introduction to Data Science/2019_Fall_DSGroup/DataVisualization/Application/dist/static/fonts/element-icons.535877f.woff` => `afrss : static/fonts/element-icons.535877f.woff` success
2019/10/25 17:42:52.822 [I]  Uploading file /Users/peter/Desktop/Courses/CAP5768 Introduction to Data Science/2019_Fall_DSGroup/DataVisualization/Application/dist/static/js/app.eed1cbab0362cd4268cf.js => afrss : static/js/app.eed1cbab0362cd4268cf.js
2019/10/25 17:42:53.060 [I]  Upload file `/Users/peter/Desktop/Courses/CAP5768 Introduction to Data Science/2019_Fall_DSGroup/DataVisualization/Application/dist/static/fonts/element-icons.732389d.ttf` => `afrss : static/fonts/element-icons.732389d.ttf` success
2019/10/25 17:42:53.060 [I]  Uploading file /Users/peter/Desktop/Courses/CAP5768 Introduction to Data Science/2019_Fall_DSGroup/DataVisualization/Application/dist/static/js/app.eed1cbab0362cd4268cf.js.map => afrss : static/js/app.eed1cbab0362cd4268cf.js.map
2019/10/25 17:42:53.149 [I]  Upload file `/Users/peter/Desktop/Courses/CAP5768 Introduction to Data Science/2019_Fall_DSGroup/DataVisualization/Application/dist/static/geo_jsonp.js` => `afrss : static/geo_jsonp.js` success
2019/10/25 17:42:53.150 [I]  Uploading file /Users/peter/Desktop/Courses/CAP5768 Introduction to Data Science/2019_Fall_DSGroup/DataVisualization/Application/dist/static/js/manifest.a4053d945d8cee0f671d.js => afrss : static/js/manifest.a4053d945d8cee0f671d.js
2019/10/25 17:42:53.235 [I]  Upload file `/Users/peter/Desktop/Courses/CAP5768 Introduction to Data Science/2019_Fall_DSGroup/DataVisualization/Application/dist/static/js/app.eed1cbab0362cd4268cf.js` => `afrss : static/js/app.eed1cbab0362cd4268cf.js` success
2019/10/25 17:42:53.236 [I]  Uploading file /Users/peter/Desktop/Courses/CAP5768 Introduction to Data Science/2019_Fall_DSGroup/DataVisualization/Application/dist/static/js/manifest.a4053d945d8cee0f671d.js.map => afrss : static/js/manifest.a4053d945d8cee0f671d.js.map
2019/10/25 17:42:53.359 [I]  Upload file `/Users/peter/Desktop/Courses/CAP5768 Introduction to Data Science/2019_Fall_DSGroup/DataVisualization/Application/dist/static/js/app.eed1cbab0362cd4268cf.js.map` => `afrss : static/js/app.eed1cbab0362cd4268cf.js.map` success
2019/10/25 17:42:53.359 [I]  Uploading file /Users/peter/Desktop/Courses/CAP5768 Introduction to Data Science/2019_Fall_DSGroup/DataVisualization/Application/dist/static/js/vendor.e64f293406b29edbd308.js => afrss : static/js/vendor.e64f293406b29edbd308.js
2019/10/25 17:42:53.449 [I]  Upload file `/Users/peter/Desktop/Courses/CAP5768 Introduction to Data Science/2019_Fall_DSGroup/DataVisualization/Application/dist/static/js/manifest.a4053d945d8cee0f671d.js` => `afrss : static/js/manifest.a4053d945d8cee0f671d.js` success
2019/10/25 17:42:53.450 [I]  Uploading file /Users/peter/Desktop/Courses/CAP5768 Introduction to Data Science/2019_Fall_DSGroup/DataVisualization/Application/dist/static/js/vendor.e64f293406b29edbd308.js.map => afrss : static/js/vendor.e64f293406b29edbd308.js.map
2019/10/25 17:42:53.537 [I]  Upload file `/Users/peter/Desktop/Courses/CAP5768 Introduction to Data Science/2019_Fall_DSGroup/DataVisualization/Application/dist/static/js/manifest.a4053d945d8cee0f671d.js.map` => `afrss : static/js/manifest.a4053d945d8cee0f671d.js.map` success
2019/10/25 17:42:56.255 [I]  Upload file `/Users/peter/Desktop/Courses/CAP5768 Introduction to Data Science/2019_Fall_DSGroup/DataVisualization/Application/dist/static/js/vendor.e64f293406b29edbd308.js` => `afrss : static/js/vendor.e64f293406b29edbd308.js` success
2019/10/25 17:43:07.259 [I]  Upload file `/Users/peter/Desktop/Courses/CAP5768 Introduction to Data Science/2019_Fall_DSGroup/DataVisualization/Application/dist/static/js/vendor.e64f293406b29edbd308.js.map` => `afrss : static/js/vendor.e64f293406b29edbd308.js.map` success
2019/10/25 17:43:07.261 [I]  -------------Upload Result--------------
2019/10/25 17:43:07.261 [I]                Total:        14
2019/10/25 17:43:07.261 [I]              Success:        14
2019/10/25 17:43:07.261 [I]              Failure:         0
2019/10/25 17:43:07.261 [I]         NotOverwrite:         0
2019/10/25 17:43:07.261 [I]              Skipped:         0
2019/10/25 17:43:07.261 [I]             Duration:  27.182912623s
2019/10/25 17:43:07.261 [I]  ----------------------------------------
2019/10/25 17:57:49.120 [I]  Listing local sync dir, this can take a long time for big directory, please wait patiently
2019/10/25 17:57:49.121 [I]  Walk `/Users/peter/Desktop/Courses/CAP5768 Introduction to Data Science/2019_Fall_DSGroup/DataVisualization/Application/dist` start from 2019-10-25 17:57:49.121059 -0400 EDT m=+0.039308185
2019/10/25 17:57:49.128 [I]  Uploading file /Users/peter/Desktop/Courses/CAP5768 Introduction to Data Science/2019_Fall_DSGroup/DataVisualization/Application/dist/index.html => afrss : index.html
2019/10/25 17:57:49.128 [I]  Uploading file /Users/peter/Desktop/Courses/CAP5768 Introduction to Data Science/2019_Fall_DSGroup/DataVisualization/Application/dist/static/banner_1.jpg => afrss : static/banner_1.jpg
2019/10/25 17:57:49.128 [I]  Uploading file /Users/peter/Desktop/Courses/CAP5768 Introduction to Data Science/2019_Fall_DSGroup/DataVisualization/Application/dist/static/banner_2.jpg => afrss : static/banner_2.jpg
2019/10/25 17:57:50.722 [I]  Upload file `/Users/peter/Desktop/Courses/CAP5768 Introduction to Data Science/2019_Fall_DSGroup/DataVisualization/Application/dist/index.html` => `afrss : index.html` success
2019/10/25 17:57:50.724 [I]  Uploading file /Users/peter/Desktop/Courses/CAP5768 Introduction to Data Science/2019_Fall_DSGroup/DataVisualization/Application/dist/static/css/app.3bd16e586880398050b741921293656e.css => afrss : static/css/app.3bd16e586880398050b741921293656e.css
2019/10/25 17:57:51.837 [I]  Upload file `/Users/peter/Desktop/Courses/CAP5768 Introduction to Data Science/2019_Fall_DSGroup/DataVisualization/Application/dist/static/banner_1.jpg` => `afrss : static/banner_1.jpg` success
2019/10/25 17:57:51.838 [I]  Uploading file /Users/peter/Desktop/Courses/CAP5768 Introduction to Data Science/2019_Fall_DSGroup/DataVisualization/Application/dist/static/css/app.3bd16e586880398050b741921293656e.css.map => afrss : static/css/app.3bd16e586880398050b741921293656e.css.map
2019/10/25 17:57:54.432 [I]  Upload file `/Users/peter/Desktop/Courses/CAP5768 Introduction to Data Science/2019_Fall_DSGroup/DataVisualization/Application/dist/static/banner_2.jpg` => `afrss : static/banner_2.jpg` success
2019/10/25 17:57:54.433 [I]  Uploading file /Users/peter/Desktop/Courses/CAP5768 Introduction to Data Science/2019_Fall_DSGroup/DataVisualization/Application/dist/static/fonts/element-icons.535877f.woff => afrss : static/fonts/element-icons.535877f.woff
2019/10/25 17:57:55.207 [I]  Upload file `/Users/peter/Desktop/Courses/CAP5768 Introduction to Data Science/2019_Fall_DSGroup/DataVisualization/Application/dist/static/css/app.3bd16e586880398050b741921293656e.css` => `afrss : static/css/app.3bd16e586880398050b741921293656e.css` success
2019/10/25 17:57:55.208 [I]  Uploading file /Users/peter/Desktop/Courses/CAP5768 Introduction to Data Science/2019_Fall_DSGroup/DataVisualization/Application/dist/static/fonts/element-icons.732389d.ttf => afrss : static/fonts/element-icons.732389d.ttf
2019/10/25 17:57:56.334 [I]  Upload file `/Users/peter/Desktop/Courses/CAP5768 Introduction to Data Science/2019_Fall_DSGroup/DataVisualization/Application/dist/static/css/app.3bd16e586880398050b741921293656e.css.map` => `afrss : static/css/app.3bd16e586880398050b741921293656e.css.map` success
2019/10/25 17:57:56.335 [I]  Uploading file /Users/peter/Desktop/Courses/CAP5768 Introduction to Data Science/2019_Fall_DSGroup/DataVisualization/Application/dist/static/geo_jsonp.js => afrss : static/geo_jsonp.js
2019/10/25 17:57:56.429 [I]  Upload file `/Users/peter/Desktop/Courses/CAP5768 Introduction to Data Science/2019_Fall_DSGroup/DataVisualization/Application/dist/static/fonts/element-icons.535877f.woff` => `afrss : static/fonts/element-icons.535877f.woff` success
2019/10/25 17:57:56.430 [I]  Uploading file /Users/peter/Desktop/Courses/CAP5768 Introduction to Data Science/2019_Fall_DSGroup/DataVisualization/Application/dist/static/js/app.780797f447b18a6536e8.js => afrss : static/js/app.780797f447b18a6536e8.js
2019/10/25 17:57:56.619 [I]  Upload file `/Users/peter/Desktop/Courses/CAP5768 Introduction to Data Science/2019_Fall_DSGroup/DataVisualization/Application/dist/static/fonts/element-icons.732389d.ttf` => `afrss : static/fonts/element-icons.732389d.ttf` success
2019/10/25 17:57:56.619 [I]  Uploading file /Users/peter/Desktop/Courses/CAP5768 Introduction to Data Science/2019_Fall_DSGroup/DataVisualization/Application/dist/static/js/app.780797f447b18a6536e8.js.map => afrss : static/js/app.780797f447b18a6536e8.js.map
2019/10/25 17:57:56.703 [I]  Upload file `/Users/peter/Desktop/Courses/CAP5768 Introduction to Data Science/2019_Fall_DSGroup/DataVisualization/Application/dist/static/geo_jsonp.js` => `afrss : static/geo_jsonp.js` success
2019/10/25 17:57:56.703 [I]  Uploading file /Users/peter/Desktop/Courses/CAP5768 Introduction to Data Science/2019_Fall_DSGroup/DataVisualization/Application/dist/static/js/manifest.a4053d945d8cee0f671d.js => afrss : static/js/manifest.a4053d945d8cee0f671d.js
2019/10/25 17:57:56.794 [I]  Upload file `/Users/peter/Desktop/Courses/CAP5768 Introduction to Data Science/2019_Fall_DSGroup/DataVisualization/Application/dist/static/js/app.780797f447b18a6536e8.js` => `afrss : static/js/app.780797f447b18a6536e8.js` success
2019/10/25 17:57:56.795 [I]  Uploading file /Users/peter/Desktop/Courses/CAP5768 Introduction to Data Science/2019_Fall_DSGroup/DataVisualization/Application/dist/static/js/manifest.a4053d945d8cee0f671d.js.map => afrss : static/js/manifest.a4053d945d8cee0f671d.js.map
2019/10/25 17:57:56.887 [I]  Upload file `/Users/peter/Desktop/Courses/CAP5768 Introduction to Data Science/2019_Fall_DSGroup/DataVisualization/Application/dist/static/js/app.780797f447b18a6536e8.js.map` => `afrss : static/js/app.780797f447b18a6536e8.js.map` success
2019/10/25 17:57:56.887 [I]  Uploading file /Users/peter/Desktop/Courses/CAP5768 Introduction to Data Science/2019_Fall_DSGroup/DataVisualization/Application/dist/static/js/vendor.e64f293406b29edbd308.js => afrss : static/js/vendor.e64f293406b29edbd308.js
2019/10/25 17:57:56.981 [I]  Upload file `/Users/peter/Desktop/Courses/CAP5768 Introduction to Data Science/2019_Fall_DSGroup/DataVisualization/Application/dist/static/js/manifest.a4053d945d8cee0f671d.js` => `afrss : static/js/manifest.a4053d945d8cee0f671d.js` success
2019/10/25 17:57:56.981 [I]  Uploading file /Users/peter/Desktop/Courses/CAP5768 Introduction to Data Science/2019_Fall_DSGroup/DataVisualization/Application/dist/static/js/vendor.e64f293406b29edbd308.js.map => afrss : static/js/vendor.e64f293406b29edbd308.js.map
2019/10/25 17:57:57.081 [I]  Upload file `/Users/peter/Desktop/Courses/CAP5768 Introduction to Data Science/2019_Fall_DSGroup/DataVisualization/Application/dist/static/js/manifest.a4053d945d8cee0f671d.js.map` => `afrss : static/js/manifest.a4053d945d8cee0f671d.js.map` success
2019/10/25 17:57:59.921 [I]  Upload file `/Users/peter/Desktop/Courses/CAP5768 Introduction to Data Science/2019_Fall_DSGroup/DataVisualization/Application/dist/static/js/vendor.e64f293406b29edbd308.js` => `afrss : static/js/vendor.e64f293406b29edbd308.js` success
2019/10/25 17:58:10.995 [I]  Upload file `/Users/peter/Desktop/Courses/CAP5768 Introduction to Data Science/2019_Fall_DSGroup/DataVisualization/Application/dist/static/js/vendor.e64f293406b29edbd308.js.map` => `afrss : static/js/vendor.e64f293406b29edbd308.js.map` success
2019/10/25 17:58:10.995 [I]  -------------Upload Result--------------
2019/10/25 17:58:10.995 [I]                Total:        14
2019/10/25 17:58:10.995 [I]              Success:        14
2019/10/25 17:58:10.995 [I]              Failure:         0
2019/10/25 17:58:10.995 [I]         NotOverwrite:         0
2019/10/25 17:58:10.995 [I]              Skipped:         0
2019/10/25 17:58:10.995 [I]             Duration:  21.876419256s
2019/10/25 17:58:10.995 [I]  ----------------------------------------
